<?xml version="1.0" encoding="UTF-8"?>
<testsuites tests="20" failures="7" disabled="0" errors="0" time="0.003" timestamp="2025-10-21T01:17:58.163" name="AllTests">
  <testsuite name="MathFunctionsTest" tests="14" failures="7" disabled="0" skipped="0" errors="0" time="0.001" timestamp="2025-10-21T01:17:58.163">
    <testcase name="IsPrime_CorrectCases" file="D:\dev\CMakeProject\tests\MathFunctionsTests.cpp" line="8" status="run" result="completed" time="0." timestamp="2025-10-21T01:17:58.163" classname="MathFunctionsTest" />
    <testcase name="IsPrime_FailingAndBoundaryCases" file="D:\dev\CMakeProject\tests\MathFunctionsTests.cpp" line="15" status="run" result="completed" time="0." timestamp="2025-10-21T01:17:58.163" classname="MathFunctionsTest">
      <failure message="D:\dev\CMakeProject\tests\MathFunctionsTests.cpp:17&#x0A;Value of: MathLibrary::IsPrime(9)&#x0A;  Actual: false&#x0A;Expected: true&#x0A;Intentionally failing: 9 is not prime, but we expect it to be true.&#x0A;" type=""><![CDATA[D:\dev\CMakeProject\tests\MathFunctionsTests.cpp:17
Value of: MathLibrary::IsPrime(9)
  Actual: false
Expected: true
Intentionally failing: 9 is not prime, but we expect it to be true.
]]></failure>
    </testcase>
    <testcase name="CalculateElectricBill_CorrectCases" file="D:\dev\CMakeProject\tests\MathFunctionsTests.cpp" line="28" status="run" result="completed" time="0." timestamp="2025-10-21T01:17:58.164" classname="MathFunctionsTest" />
    <testcase name="CalculateElectricBill_FailingAndBoundaryCases" file="D:\dev\CMakeProject\tests\MathFunctionsTests.cpp" line="39" status="run" result="completed" time="0." timestamp="2025-10-21T01:17:58.164" classname="MathFunctionsTest">
      <failure message="D:\dev\CMakeProject\tests\MathFunctionsTests.cpp:43&#x0A;Expected equality of these values:&#x0A;  actualBill&#x0A;    Which is: 150000&#x0A;  expectedWrongBill&#x0A;    Which is: 250000&#x0A;Intentionally failing: The bill calculation is wrong.&#x0A;" type=""><![CDATA[D:\dev\CMakeProject\tests\MathFunctionsTests.cpp:43
Expected equality of these values:
  actualBill
    Which is: 150000
  expectedWrongBill
    Which is: 250000
Intentionally failing: The bill calculation is wrong.
]]></failure>
    </testcase>
    <testcase name="SolveQuadratic_CorrectCases" file="D:\dev\CMakeProject\tests\MathFunctionsTests.cpp" line="54" status="run" result="completed" time="0." timestamp="2025-10-21T01:17:58.164" classname="MathFunctionsTest" />
    <testcase name="SolveQuadratic_FailingCases" file="D:\dev\CMakeProject\tests\MathFunctionsTests.cpp" line="68" status="run" result="completed" time="0." timestamp="2025-10-21T01:17:58.164" classname="MathFunctionsTest">
      <failure message="D:\dev\CMakeProject\tests\MathFunctionsTests.cpp:71&#x0A;Expected equality of these values:&#x0A;  MathLibrary::SolveQuadratic(1, -2, 1, x1, x2)&#x0A;    Which is: 4-byte object &lt;01-00 00-00&gt;&#x0A;  MathLibrary::SolutionType::TwoSolutions&#x0A;    Which is: 4-byte object &lt;02-00 00-00&gt;&#x0A;Intentionally failing: Expected two solutions for a double root.&#x0A;" type=""><![CDATA[D:\dev\CMakeProject\tests\MathFunctionsTests.cpp:71
Expected equality of these values:
  MathLibrary::SolveQuadratic(1, -2, 1, x1, x2)
    Which is: 4-byte object <01-00 00-00>
  MathLibrary::SolutionType::TwoSolutions
    Which is: 4-byte object <02-00 00-00>
Intentionally failing: Expected two solutions for a double root.
]]></failure>
    </testcase>
    <testcase name="ClassifyTriangle_CorrectCases" file="D:\dev\CMakeProject\tests\MathFunctionsTests.cpp" line="80" status="run" result="completed" time="0." timestamp="2025-10-21T01:17:58.164" classname="MathFunctionsTest" />
    <testcase name="ClassifyTriangle_FailingAndBoundaryCases" file="D:\dev\CMakeProject\tests\MathFunctionsTests.cpp" line="87" status="run" result="completed" time="0." timestamp="2025-10-21T01:17:58.164" classname="MathFunctionsTest">
      <failure message="D:\dev\CMakeProject\tests\MathFunctionsTests.cpp:89&#x0A;Expected equality of these values:&#x0A;  MathLibrary::ClassifyTriangle(5, 5, 8)&#x0A;    Which is: 4-byte object &lt;02-00 00-00&gt;&#x0A;  MathLibrary::TriangleType::Equilateral&#x0A;    Which is: 4-byte object &lt;01-00 00-00&gt;&#x0A;Intentionally failing: An isosceles triangle is not equilateral.&#x0A;" type=""><![CDATA[D:\dev\CMakeProject\tests\MathFunctionsTests.cpp:89
Expected equality of these values:
  MathLibrary::ClassifyTriangle(5, 5, 8)
    Which is: 4-byte object <02-00 00-00>
  MathLibrary::TriangleType::Equilateral
    Which is: 4-byte object <01-00 00-00>
Intentionally failing: An isosceles triangle is not equilateral.
]]></failure>
    </testcase>
    <testcase name="BinaryToDecimal_CorrectCases" file="D:\dev\CMakeProject\tests\MathFunctionsTests.cpp" line="101" status="run" result="completed" time="0." timestamp="2025-10-21T01:17:58.164" classname="MathFunctionsTest" />
    <testcase name="BinaryToDecimal_FailingCase" file="D:\dev\CMakeProject\tests\MathFunctionsTests.cpp" line="108" status="run" result="completed" time="0." timestamp="2025-10-21T01:17:58.165" classname="MathFunctionsTest">
      <failure message="D:\dev\CMakeProject\tests\MathFunctionsTests.cpp:112&#x0A;Expected equality of these values:&#x0A;  actualValue&#x0A;    Which is: 5&#x0A;  expectedValue&#x0A;    Which is: 6&#x0A;Intentionally failing test case: &apos;101&apos; is 5, not 6.&#x0A;" type=""><![CDATA[D:\dev\CMakeProject\tests\MathFunctionsTests.cpp:112
Expected equality of these values:
  actualValue
    Which is: 5
  expectedValue
    Which is: 6
Intentionally failing test case: '101' is 5, not 6.
]]></failure>
    </testcase>
    <testcase name="IsLeapYear_CorrectCases" file="D:\dev\CMakeProject\tests\MathFunctionsTests.cpp" line="119" status="run" result="completed" time="0." timestamp="2025-10-21T01:17:58.165" classname="MathFunctionsTest" />
    <testcase name="IsLeapYear_FailingCase" file="D:\dev\CMakeProject\tests\MathFunctionsTests.cpp" line="126" status="run" result="completed" time="0." timestamp="2025-10-21T01:17:58.165" classname="MathFunctionsTest">
      <failure message="D:\dev\CMakeProject\tests\MathFunctionsTests.cpp:128&#x0A;Value of: MathLibrary::IsLeapYear(2023)&#x0A;  Actual: false&#x0A;Expected: true&#x0A;Intentionally failing: 2023 is not a leap year.&#x0A;" type=""><![CDATA[D:\dev\CMakeProject\tests\MathFunctionsTests.cpp:128
Value of: MathLibrary::IsLeapYear(2023)
  Actual: false
Expected: true
Intentionally failing: 2023 is not a leap year.
]]></failure>
    </testcase>
    <testcase name="QuickSort_CorrectCases" file="D:\dev\CMakeProject\tests\MathFunctionsTests.cpp" line="135" status="run" result="completed" time="0." timestamp="2025-10-21T01:17:58.165" classname="MathFunctionsTest" />
    <testcase name="QuickSort_FailingCase" file="D:\dev\CMakeProject\tests\MathFunctionsTests.cpp" line="148" status="run" result="completed" time="0." timestamp="2025-10-21T01:17:58.165" classname="MathFunctionsTest">
      <failure message="D:\dev\CMakeProject\tests\MathFunctionsTests.cpp:153&#x0A;Expected equality of these values:&#x0A;  actualArray&#x0A;    Which is: { 1, 2, 4, 5, 8 }&#x0A;  wrongExpectedArray&#x0A;    Which is: { 5, 4, 8, 1, 2 }&#x0A;Intentionally failing: The expected sorted array is wrong.&#x0A;" type=""><![CDATA[D:\dev\CMakeProject\tests\MathFunctionsTests.cpp:153
Expected equality of these values:
  actualArray
    Which is: { 1, 2, 4, 5, 8 }
  wrongExpectedArray
    Which is: { 5, 4, 8, 1, 2 }
Intentionally failing: The expected sorted array is wrong.
]]></failure>
    </testcase>
  </testsuite>
  <testsuite name="CalculatorTest" tests="6" failures="0" disabled="0" skipped="0" errors="0" time="0.002" timestamp="2025-10-21T01:17:58.165">
    <testcase name="Add_HandlesPositiveNumbers" file="D:\dev\CMakeProject\tests\CalculatorTests.cpp" line="5" status="run" result="completed" time="0." timestamp="2025-10-21T01:17:58.165" classname="CalculatorTest" />
    <testcase name="Add_HandlesNegativeAndZero" file="D:\dev\CMakeProject\tests\CalculatorTests.cpp" line="11" status="run" result="completed" time="0." timestamp="2025-10-21T01:17:58.165" classname="CalculatorTest" />
    <testcase name="Subtract_HandlesBasicCases" file="D:\dev\CMakeProject\tests\CalculatorTests.cpp" line="20" status="run" result="completed" time="0." timestamp="2025-10-21T01:17:58.165" classname="CalculatorTest" />
    <testcase name="Multiply_HandlesBasicCases" file="D:\dev\CMakeProject\tests\CalculatorTests.cpp" line="28" status="run" result="completed" time="0." timestamp="2025-10-21T01:17:58.167" classname="CalculatorTest" />
    <testcase name="Divide_HandlesValidCases" file="D:\dev\CMakeProject\tests\CalculatorTests.cpp" line="38" status="run" result="completed" time="0." timestamp="2025-10-21T01:17:58.167" classname="CalculatorTest" />
    <testcase name="Divide_ThrowsExceptionOnDivideByZero" file="D:\dev\CMakeProject\tests\CalculatorTests.cpp" line="46" status="run" result="completed" time="0." timestamp="2025-10-21T01:17:58.167" classname="CalculatorTest" />
  </testsuite>
</testsuites>
